2020-09-25 11:15:28.980  INFO 17472 --- [main] com.example.demo.DemoApplication         : Starting DemoApplication on DESKTOP-MKMQQ12 with PID 17472 (F:\JavaLearning\springFram\bootDemo\target\classes started by yali yang in F:\JavaLearning\springFram\bootDemo)
2020-09-25 11:15:29.038  INFO 17472 --- [main] com.example.demo.DemoApplication         : No active profile set, falling back to default profiles: default
2020-09-25 11:15:30.240 ERROR 17472 --- [main] o.a.catalina.core.AprLifecycleListener   : An incompatible version [1.2.10] of the Apache Tomcat Native library is installed, while Tomcat requires version [1.2.14]
2020-09-25 11:15:30.490 ERROR 17472 --- [main] o.a.catalina.core.AprLifecycleListener   : An incompatible version [1.2.10] of the Apache Tomcat Native library is installed, while Tomcat requires version [1.2.14]
2020-09-25 11:15:30.573  INFO 17472 --- [main] o.s.b.w.embedded.tomcat.TomcatWebServer  : Tomcat initialized with port(s): 8080 (http)
2020-09-25 11:15:30.582 ERROR 17472 --- [main] o.a.catalina.core.AprLifecycleListener   : An incompatible version [1.2.10] of the Apache Tomcat Native library is installed, while Tomcat requires version [1.2.14]
2020-09-25 11:15:30.583  INFO 17472 --- [main] o.apache.catalina.core.StandardService   : Starting service [Tomcat]
2020-09-25 11:15:30.584  INFO 17472 --- [main] org.apache.catalina.core.StandardEngine  : Starting Servlet engine: [Apache Tomcat/9.0.37]
2020-09-25 11:15:30.699  INFO 17472 --- [main] o.a.c.c.C.[Tomcat].[localhost].[/]       : Initializing Spring embedded WebApplicationContext
2020-09-25 11:15:30.699  INFO 17472 --- [main] w.s.c.ServletWebServerApplicationContext : Root WebApplicationContext: initialization completed in 1586 ms
2020-09-25 11:15:31.456  INFO 17472 --- [main] o.s.s.concurrent.ThreadPoolTaskExecutor  : Initializing ExecutorService 'applicationTaskExecutor'
2020-09-25 11:15:31.858  INFO 17472 --- [main] o.s.b.w.embedded.tomcat.TomcatWebServer  : Tomcat started on port(s): 8080 (http) with context path ''
2020-09-25 11:15:31.860  INFO 17472 --- [main] o.s.a.r.c.CachingConnectionFactory       : Attempting to connect to: [localhost:5672]
2020-09-25 11:15:31.895  INFO 17472 --- [main] o.s.a.r.c.CachingConnectionFactory       : Created new connection: rabbitConnectionFactory#6df7988f:0/SimpleConnection@59c33386 [delegate=amqp://guest@127.0.0.1:5672/, localPort= 59845]
2020-09-25 11:15:31.937  WARN 17472 --- [org.springframework.amqp.rabbit.RabbitListenerEndpointContainer#0-1] o.s.a.r.listener.BlockingQueueConsumer   : Failed to declare queue: hola
2020-09-25 11:15:31.942  WARN 17472 --- [org.springframework.amqp.rabbit.RabbitListenerEndpointContainer#0-1] o.s.a.r.listener.BlockingQueueConsumer   : Queue declaration failed; retries left=3

org.springframework.amqp.rabbit.listener.BlockingQueueConsumer$DeclarationException: Failed to declare queue(s):[hola]
	at org.springframework.amqp.rabbit.listener.BlockingQueueConsumer.attemptPassiveDeclarations(BlockingQueueConsumer.java:700) [spring-rabbit-2.2.10.RELEASE.jar:2.2.10.RELEASE]
	at org.springframework.amqp.rabbit.listener.BlockingQueueConsumer.passiveDeclarations(BlockingQueueConsumer.java:584) [spring-rabbit-2.2.10.RELEASE.jar:2.2.10.RELEASE]
	at org.springframework.amqp.rabbit.listener.BlockingQueueConsumer.start(BlockingQueueConsumer.java:571) [spring-rabbit-2.2.10.RELEASE.jar:2.2.10.RELEASE]
	at org.springframework.amqp.rabbit.listener.SimpleMessageListenerContainer$AsyncMessageProcessingConsumer.initialize(SimpleMessageListenerContainer.java:1350) [spring-rabbit-2.2.10.RELEASE.jar:2.2.10.RELEASE]
	at org.springframework.amqp.rabbit.listener.SimpleMessageListenerContainer$AsyncMessageProcessingConsumer.run(SimpleMessageListenerContainer.java:1195) [spring-rabbit-2.2.10.RELEASE.jar:2.2.10.RELEASE]
	at java.lang.Thread.run(Thread.java:745) [na:1.8.0_121]
Caused by: java.io.IOException: null
	at com.rabbitmq.client.impl.AMQChannel.wrap(AMQChannel.java:129) ~[amqp-client-5.9.0.jar:5.9.0]
	at com.rabbitmq.client.impl.AMQChannel.wrap(AMQChannel.java:125) ~[amqp-client-5.9.0.jar:5.9.0]
	at com.rabbitmq.client.impl.AMQChannel.exnWrappingRpc(AMQChannel.java:147) ~[amqp-client-5.9.0.jar:5.9.0]
	at com.rabbitmq.client.impl.ChannelN.queueDeclarePassive(ChannelN.java:1012) ~[amqp-client-5.9.0.jar:5.9.0]
	at com.rabbitmq.client.impl.ChannelN.queueDeclarePassive(ChannelN.java:46) ~[amqp-client-5.9.0.jar:5.9.0]
	at sun.reflect.NativeMethodAccessorImpl.invoke0(Native Method) ~[na:1.8.0_121]
	at sun.reflect.NativeMethodAccessorImpl.invoke(NativeMethodAccessorImpl.java:62) ~[na:1.8.0_121]
	at sun.reflect.DelegatingMethodAccessorImpl.invoke(DelegatingMethodAccessorImpl.java:43) ~[na:1.8.0_121]
	at java.lang.reflect.Method.invoke(Method.java:498) ~[na:1.8.0_121]
	at org.springframework.amqp.rabbit.connection.CachingConnectionFactory$CachedChannelInvocationHandler.invoke(CachingConnectionFactory.java:1184) ~[spring-rabbit-2.2.10.RELEASE.jar:2.2.10.RELEASE]
	at com.sun.proxy.$Proxy73.queueDeclarePassive(Unknown Source) ~[na:na]
	at org.springframework.amqp.rabbit.listener.BlockingQueueConsumer.attemptPassiveDeclarations(BlockingQueueConsumer.java:679) [spring-rabbit-2.2.10.RELEASE.jar:2.2.10.RELEASE]
	... 5 common frames omitted
Caused by: com.rabbitmq.client.ShutdownSignalException: channel error; protocol method: #method<channel.close>(reply-code=404, reply-text=NOT_FOUND - no queue 'hola' in vhost '/', class-id=50, method-id=10)
	at com.rabbitmq.utility.ValueOrException.getValue(ValueOrException.java:66) ~[amqp-client-5.9.0.jar:5.9.0]
	at com.rabbitmq.utility.BlockingValueOrException.uninterruptibleGetValue(BlockingValueOrException.java:36) ~[amqp-client-5.9.0.jar:5.9.0]
	at com.rabbitmq.client.impl.AMQChannel$BlockingRpcContinuation.getReply(AMQChannel.java:502) ~[amqp-client-5.9.0.jar:5.9.0]
	at com.rabbitmq.client.impl.AMQChannel.privateRpc(AMQChannel.java:293) ~[amqp-client-5.9.0.jar:5.9.0]
	at com.rabbitmq.client.impl.AMQChannel.exnWrappingRpc(AMQChannel.java:141) ~[amqp-client-5.9.0.jar:5.9.0]
	... 14 common frames omitted
Caused by: com.rabbitmq.client.ShutdownSignalException: channel error; protocol method: #method<channel.close>(reply-code=404, reply-text=NOT_FOUND - no queue 'hola' in vhost '/', class-id=50, method-id=10)
	at com.rabbitmq.client.impl.ChannelN.asyncShutdown(ChannelN.java:517) ~[amqp-client-5.9.0.jar:5.9.0]
	at com.rabbitmq.client.impl.ChannelN.processAsync(ChannelN.java:341) ~[amqp-client-5.9.0.jar:5.9.0]
	at com.rabbitmq.client.impl.AMQChannel.handleCompleteInboundCommand(AMQChannel.java:182) ~[amqp-client-5.9.0.jar:5.9.0]
	at com.rabbitmq.client.impl.AMQChannel.handleFrame(AMQChannel.java:114) ~[amqp-client-5.9.0.jar:5.9.0]
	at com.rabbitmq.client.impl.AMQConnection.readFrame(AMQConnection.java:739) ~[amqp-client-5.9.0.jar:5.9.0]
	at com.rabbitmq.client.impl.AMQConnection.access$300(AMQConnection.java:47) ~[amqp-client-5.9.0.jar:5.9.0]
	at com.rabbitmq.client.impl.AMQConnection$MainLoop.run(AMQConnection.java:666) ~[amqp-client-5.9.0.jar:5.9.0]
	... 1 common frames omitted

2020-09-25 11:15:36.948  WARN 17472 --- [org.springframework.amqp.rabbit.RabbitListenerEndpointContainer#0-1] o.s.a.r.listener.BlockingQueueConsumer   : Failed to declare queue: hola
2020-09-25 11:15:36.950  WARN 17472 --- [org.springframework.amqp.rabbit.RabbitListenerEndpointContainer#0-1] o.s.a.r.listener.BlockingQueueConsumer   : Queue declaration failed; retries left=2

org.springframework.amqp.rabbit.listener.BlockingQueueConsumer$DeclarationException: Failed to declare queue(s):[hola]
	at org.springframework.amqp.rabbit.listener.BlockingQueueConsumer.attemptPassiveDeclarations(BlockingQueueConsumer.java:700) [spring-rabbit-2.2.10.RELEASE.jar:2.2.10.RELEASE]
	at org.springframework.amqp.rabbit.listener.BlockingQueueConsumer.passiveDeclarations(BlockingQueueConsumer.java:584) [spring-rabbit-2.2.10.RELEASE.jar:2.2.10.RELEASE]
	at org.springframework.amqp.rabbit.listener.BlockingQueueConsumer.start(BlockingQueueConsumer.java:571) [spring-rabbit-2.2.10.RELEASE.jar:2.2.10.RELEASE]
	at org.springframework.amqp.rabbit.listener.SimpleMessageListenerContainer$AsyncMessageProcessingConsumer.initialize(SimpleMessageListenerContainer.java:1350) [spring-rabbit-2.2.10.RELEASE.jar:2.2.10.RELEASE]
	at org.springframework.amqp.rabbit.listener.SimpleMessageListenerContainer$AsyncMessageProcessingConsumer.run(SimpleMessageListenerContainer.java:1195) [spring-rabbit-2.2.10.RELEASE.jar:2.2.10.RELEASE]
	at java.lang.Thread.run(Thread.java:745) [na:1.8.0_121]
Caused by: java.io.IOException: null
	at com.rabbitmq.client.impl.AMQChannel.wrap(AMQChannel.java:129) ~[amqp-client-5.9.0.jar:5.9.0]
	at com.rabbitmq.client.impl.AMQChannel.wrap(AMQChannel.java:125) ~[amqp-client-5.9.0.jar:5.9.0]
	at com.rabbitmq.client.impl.AMQChannel.exnWrappingRpc(AMQChannel.java:147) ~[amqp-client-5.9.0.jar:5.9.0]
	at com.rabbitmq.client.impl.ChannelN.queueDeclarePassive(ChannelN.java:1012) ~[amqp-client-5.9.0.jar:5.9.0]
	at com.rabbitmq.client.impl.ChannelN.queueDeclarePassive(ChannelN.java:46) ~[amqp-client-5.9.0.jar:5.9.0]
	at sun.reflect.NativeMethodAccessorImpl.invoke0(Native Method) ~[na:1.8.0_121]
	at sun.reflect.NativeMethodAccessorImpl.invoke(NativeMethodAccessorImpl.java:62) ~[na:1.8.0_121]
	at sun.reflect.DelegatingMethodAccessorImpl.invoke(DelegatingMethodAccessorImpl.java:43) ~[na:1.8.0_121]
	at java.lang.reflect.Method.invoke(Method.java:498) ~[na:1.8.0_121]
	at org.springframework.amqp.rabbit.connection.CachingConnectionFactory$CachedChannelInvocationHandler.invoke(CachingConnectionFactory.java:1184) ~[spring-rabbit-2.2.10.RELEASE.jar:2.2.10.RELEASE]
	at com.sun.proxy.$Proxy73.queueDeclarePassive(Unknown Source) ~[na:na]
	at org.springframework.amqp.rabbit.listener.BlockingQueueConsumer.attemptPassiveDeclarations(BlockingQueueConsumer.java:679) [spring-rabbit-2.2.10.RELEASE.jar:2.2.10.RELEASE]
	... 5 common frames omitted
Caused by: com.rabbitmq.client.ShutdownSignalException: channel error; protocol method: #method<channel.close>(reply-code=404, reply-text=NOT_FOUND - no queue 'hola' in vhost '/', class-id=50, method-id=10)
	at com.rabbitmq.utility.ValueOrException.getValue(ValueOrException.java:66) ~[amqp-client-5.9.0.jar:5.9.0]
	at com.rabbitmq.utility.BlockingValueOrException.uninterruptibleGetValue(BlockingValueOrException.java:36) ~[amqp-client-5.9.0.jar:5.9.0]
	at com.rabbitmq.client.impl.AMQChannel$BlockingRpcContinuation.getReply(AMQChannel.java:502) ~[amqp-client-5.9.0.jar:5.9.0]
	at com.rabbitmq.client.impl.AMQChannel.privateRpc(AMQChannel.java:293) ~[amqp-client-5.9.0.jar:5.9.0]
	at com.rabbitmq.client.impl.AMQChannel.exnWrappingRpc(AMQChannel.java:141) ~[amqp-client-5.9.0.jar:5.9.0]
	... 14 common frames omitted
Caused by: com.rabbitmq.client.ShutdownSignalException: channel error; protocol method: #method<channel.close>(reply-code=404, reply-text=NOT_FOUND - no queue 'hola' in vhost '/', class-id=50, method-id=10)
	at com.rabbitmq.client.impl.ChannelN.asyncShutdown(ChannelN.java:517) ~[amqp-client-5.9.0.jar:5.9.0]
	at com.rabbitmq.client.impl.ChannelN.processAsync(ChannelN.java:341) ~[amqp-client-5.9.0.jar:5.9.0]
	at com.rabbitmq.client.impl.AMQChannel.handleCompleteInboundCommand(AMQChannel.java:182) ~[amqp-client-5.9.0.jar:5.9.0]
	at com.rabbitmq.client.impl.AMQChannel.handleFrame(AMQChannel.java:114) ~[amqp-client-5.9.0.jar:5.9.0]
	at com.rabbitmq.client.impl.AMQConnection.readFrame(AMQConnection.java:739) ~[amqp-client-5.9.0.jar:5.9.0]
	at com.rabbitmq.client.impl.AMQConnection.access$300(AMQConnection.java:47) ~[amqp-client-5.9.0.jar:5.9.0]
	at com.rabbitmq.client.impl.AMQConnection$MainLoop.run(AMQConnection.java:666) ~[amqp-client-5.9.0.jar:5.9.0]
	... 1 common frames omitted

2020-09-25 11:15:41.955  WARN 17472 --- [org.springframework.amqp.rabbit.RabbitListenerEndpointContainer#0-1] o.s.a.r.listener.BlockingQueueConsumer   : Failed to declare queue: hola
2020-09-25 11:15:41.956  WARN 17472 --- [org.springframework.amqp.rabbit.RabbitListenerEndpointContainer#0-1] o.s.a.r.listener.BlockingQueueConsumer   : Queue declaration failed; retries left=1

org.springframework.amqp.rabbit.listener.BlockingQueueConsumer$DeclarationException: Failed to declare queue(s):[hola]
	at org.springframework.amqp.rabbit.listener.BlockingQueueConsumer.attemptPassiveDeclarations(BlockingQueueConsumer.java:700) [spring-rabbit-2.2.10.RELEASE.jar:2.2.10.RELEASE]
	at org.springframework.amqp.rabbit.listener.BlockingQueueConsumer.passiveDeclarations(BlockingQueueConsumer.java:584) [spring-rabbit-2.2.10.RELEASE.jar:2.2.10.RELEASE]
	at org.springframework.amqp.rabbit.listener.BlockingQueueConsumer.start(BlockingQueueConsumer.java:571) [spring-rabbit-2.2.10.RELEASE.jar:2.2.10.RELEASE]
	at org.springframework.amqp.rabbit.listener.SimpleMessageListenerContainer$AsyncMessageProcessingConsumer.initialize(SimpleMessageListenerContainer.java:1350) [spring-rabbit-2.2.10.RELEASE.jar:2.2.10.RELEASE]
	at org.springframework.amqp.rabbit.listener.SimpleMessageListenerContainer$AsyncMessageProcessingConsumer.run(SimpleMessageListenerContainer.java:1195) [spring-rabbit-2.2.10.RELEASE.jar:2.2.10.RELEASE]
	at java.lang.Thread.run(Thread.java:745) [na:1.8.0_121]
Caused by: java.io.IOException: null
	at com.rabbitmq.client.impl.AMQChannel.wrap(AMQChannel.java:129) ~[amqp-client-5.9.0.jar:5.9.0]
	at com.rabbitmq.client.impl.AMQChannel.wrap(AMQChannel.java:125) ~[amqp-client-5.9.0.jar:5.9.0]
	at com.rabbitmq.client.impl.AMQChannel.exnWrappingRpc(AMQChannel.java:147) ~[amqp-client-5.9.0.jar:5.9.0]
	at com.rabbitmq.client.impl.ChannelN.queueDeclarePassive(ChannelN.java:1012) ~[amqp-client-5.9.0.jar:5.9.0]
	at com.rabbitmq.client.impl.ChannelN.queueDeclarePassive(ChannelN.java:46) ~[amqp-client-5.9.0.jar:5.9.0]
	at sun.reflect.NativeMethodAccessorImpl.invoke0(Native Method) ~[na:1.8.0_121]
	at sun.reflect.NativeMethodAccessorImpl.invoke(NativeMethodAccessorImpl.java:62) ~[na:1.8.0_121]
	at sun.reflect.DelegatingMethodAccessorImpl.invoke(DelegatingMethodAccessorImpl.java:43) ~[na:1.8.0_121]
	at java.lang.reflect.Method.invoke(Method.java:498) ~[na:1.8.0_121]
	at org.springframework.amqp.rabbit.connection.CachingConnectionFactory$CachedChannelInvocationHandler.invoke(CachingConnectionFactory.java:1184) ~[spring-rabbit-2.2.10.RELEASE.jar:2.2.10.RELEASE]
	at com.sun.proxy.$Proxy73.queueDeclarePassive(Unknown Source) ~[na:na]
	at org.springframework.amqp.rabbit.listener.BlockingQueueConsumer.attemptPassiveDeclarations(BlockingQueueConsumer.java:679) [spring-rabbit-2.2.10.RELEASE.jar:2.2.10.RELEASE]
	... 5 common frames omitted
Caused by: com.rabbitmq.client.ShutdownSignalException: channel error; protocol method: #method<channel.close>(reply-code=404, reply-text=NOT_FOUND - no queue 'hola' in vhost '/', class-id=50, method-id=10)
	at com.rabbitmq.utility.ValueOrException.getValue(ValueOrException.java:66) ~[amqp-client-5.9.0.jar:5.9.0]
	at com.rabbitmq.utility.BlockingValueOrException.uninterruptibleGetValue(BlockingValueOrException.java:36) ~[amqp-client-5.9.0.jar:5.9.0]
	at com.rabbitmq.client.impl.AMQChannel$BlockingRpcContinuation.getReply(AMQChannel.java:502) ~[amqp-client-5.9.0.jar:5.9.0]
	at com.rabbitmq.client.impl.AMQChannel.privateRpc(AMQChannel.java:293) ~[amqp-client-5.9.0.jar:5.9.0]
	at com.rabbitmq.client.impl.AMQChannel.exnWrappingRpc(AMQChannel.java:141) ~[amqp-client-5.9.0.jar:5.9.0]
	... 14 common frames omitted
Caused by: com.rabbitmq.client.ShutdownSignalException: channel error; protocol method: #method<channel.close>(reply-code=404, reply-text=NOT_FOUND - no queue 'hola' in vhost '/', class-id=50, method-id=10)
	at com.rabbitmq.client.impl.ChannelN.asyncShutdown(ChannelN.java:517) ~[amqp-client-5.9.0.jar:5.9.0]
	at com.rabbitmq.client.impl.ChannelN.processAsync(ChannelN.java:341) ~[amqp-client-5.9.0.jar:5.9.0]
	at com.rabbitmq.client.impl.AMQChannel.handleCompleteInboundCommand(AMQChannel.java:182) ~[amqp-client-5.9.0.jar:5.9.0]
	at com.rabbitmq.client.impl.AMQChannel.handleFrame(AMQChannel.java:114) ~[amqp-client-5.9.0.jar:5.9.0]
	at com.rabbitmq.client.impl.AMQConnection.readFrame(AMQConnection.java:739) ~[amqp-client-5.9.0.jar:5.9.0]
	at com.rabbitmq.client.impl.AMQConnection.access$300(AMQConnection.java:47) ~[amqp-client-5.9.0.jar:5.9.0]
	at com.rabbitmq.client.impl.AMQConnection$MainLoop.run(AMQConnection.java:666) ~[amqp-client-5.9.0.jar:5.9.0]
	... 1 common frames omitted

2020-09-25 11:24:02.318  INFO 16092 --- [main] com.example.demo.DemoApplication         : Starting DemoApplication on DESKTOP-MKMQQ12 with PID 16092 (F:\JavaLearning\springFram\bootDemo\target\classes started by yali yang in F:\JavaLearning\springFram\bootDemo)
2020-09-25 11:24:02.323  INFO 16092 --- [main] com.example.demo.DemoApplication         : No active profile set, falling back to default profiles: default
2020-09-25 11:24:03.319 ERROR 16092 --- [main] o.a.catalina.core.AprLifecycleListener   : An incompatible version [1.2.10] of the Apache Tomcat Native library is installed, while Tomcat requires version [1.2.14]
2020-09-25 11:24:03.479 ERROR 16092 --- [main] o.a.catalina.core.AprLifecycleListener   : An incompatible version [1.2.10] of the Apache Tomcat Native library is installed, while Tomcat requires version [1.2.14]
2020-09-25 11:24:03.566  INFO 16092 --- [main] o.s.b.w.embedded.tomcat.TomcatWebServer  : Tomcat initialized with port(s): 8080 (http)
2020-09-25 11:24:03.577 ERROR 16092 --- [main] o.a.catalina.core.AprLifecycleListener   : An incompatible version [1.2.10] of the Apache Tomcat Native library is installed, while Tomcat requires version [1.2.14]
2020-09-25 11:24:03.578  INFO 16092 --- [main] o.apache.catalina.core.StandardService   : Starting service [Tomcat]
2020-09-25 11:24:03.578  INFO 16092 --- [main] org.apache.catalina.core.StandardEngine  : Starting Servlet engine: [Apache Tomcat/9.0.37]
2020-09-25 11:24:03.700  INFO 16092 --- [main] o.a.c.c.C.[Tomcat].[localhost].[/]       : Initializing Spring embedded WebApplicationContext
2020-09-25 11:24:03.700  INFO 16092 --- [main] w.s.c.ServletWebServerApplicationContext : Root WebApplicationContext: initialization completed in 1302 ms
2020-09-25 11:24:04.513  INFO 16092 --- [main] o.s.s.concurrent.ThreadPoolTaskExecutor  : Initializing ExecutorService 'applicationTaskExecutor'
2020-09-25 11:24:04.916  INFO 16092 --- [main] o.s.b.w.embedded.tomcat.TomcatWebServer  : Tomcat started on port(s): 8080 (http) with context path ''
2020-09-25 11:24:04.919  INFO 16092 --- [main] o.s.a.r.c.CachingConnectionFactory       : Attempting to connect to: [localhost:5672]
2020-09-25 11:24:04.952  INFO 16092 --- [main] o.s.a.r.c.CachingConnectionFactory       : Created new connection: rabbitConnectionFactory#59712875:0/SimpleConnection@701bc94e [delegate=amqp://guest@127.0.0.1:5672/, localPort= 60237]
2020-09-25 11:24:04.972  INFO 16092 --- [main] com.example.demo.DemoApplication         : Started DemoApplication in 3.455 seconds (JVM running for 4.491)
2020-09-25 14:23:48.835  WARN 16092 --- [AMQP Connection 127.0.0.1:5672] c.r.c.impl.ForgivingExceptionHandler     : An unexpected connection driver error occured (Exception message: Connection reset)
